This is pdfTeX, Version 3.1415926-2.4-1.40.13 (TeX Live 2012) (format=pdflatex 2012.6.30)  3 MAY 2016 17:02
entering extended mode
 restricted \write18 enabled.
 file:line:error style messages enabled.
 %&-line parsing enabled.
**DeepMind_Presentation.tex
(./DeepMind_Presentation.tex
LaTeX2e <2011/06/27>
Babel <v3.8m> and hyphenation patterns for english, dumylang, nohyphenation, ge
rman-x-2012-05-30, ngerman-x-2012-05-30, afrikaans, ancientgreek, ibycus, arabi
c, armenian, basque, bulgarian, catalan, pinyin, coptic, croatian, czech, danis
h, dutch, ukenglish, usenglishmax, esperanto, estonian, ethiopic, farsi, finnis
h, french, friulan, galician, german, ngerman, swissgerman, monogreek, greek, h
ungarian, icelandic, assamese, bengali, gujarati, hindi, kannada, malayalam, ma
rathi, oriya, panjabi, tamil, telugu, indonesian, interlingua, irish, italian, 
kurmanji, latin, latvian, lithuanian, mongolian, mongolianlmc, bokmal, nynorsk,
 polish, portuguese, romanian, romansh, russian, sanskrit, serbian, serbianc, s
lovak, slovenian, spanish, swedish, turkish, turkmen, ukrainian, uppersorbian, 
welsh, loaded.
(/usr/local/texlive/2012/texmf-dist/tex/latex/base/article.cls
Document Class: article 2007/10/19 v1.4h Standard LaTeX document class
(/usr/local/texlive/2012/texmf-dist/tex/latex/base/size10.clo
File: size10.clo 2007/10/19 v1.4h Standard LaTeX file (size option)
)
\c@part=\count79
\c@section=\count80
\c@subsection=\count81
\c@subsubsection=\count82
\c@paragraph=\count83
\c@subparagraph=\count84
\c@figure=\count85
\c@table=\count86
\abovecaptionskip=\skip41
\belowcaptionskip=\skip42
\bibindent=\dimen102
)
(/usr/local/texlive/2012/texmf-dist/tex/latex/amsmath/amsmath.sty
Package: amsmath 2000/07/18 v2.13 AMS math features
\@mathmargin=\skip43

For additional information on amsmath, use the `?' option.
(/usr/local/texlive/2012/texmf-dist/tex/latex/amsmath/amstext.sty
Package: amstext 2000/06/29 v2.01

(/usr/local/texlive/2012/texmf-dist/tex/latex/amsmath/amsgen.sty
File: amsgen.sty 1999/11/30 v2.0
\@emptytoks=\toks14
\ex@=\dimen103
))
(/usr/local/texlive/2012/texmf-dist/tex/latex/amsmath/amsbsy.sty
Package: amsbsy 1999/11/29 v1.2d
\pmbraise@=\dimen104
)
(/usr/local/texlive/2012/texmf-dist/tex/latex/amsmath/amsopn.sty
Package: amsopn 1999/12/14 v2.01 operator names
)
\inf@bad=\count87
LaTeX Info: Redefining \frac on input line 211.
\uproot@=\count88
\leftroot@=\count89
LaTeX Info: Redefining \overline on input line 307.
\classnum@=\count90
\DOTSCASE@=\count91
LaTeX Info: Redefining \ldots on input line 379.
LaTeX Info: Redefining \dots on input line 382.
LaTeX Info: Redefining \cdots on input line 467.
\Mathstrutbox@=\box26
\strutbox@=\box27
\big@size=\dimen105
LaTeX Font Info:    Redeclaring font encoding OML on input line 567.
LaTeX Font Info:    Redeclaring font encoding OMS on input line 568.
\macc@depth=\count92
\c@MaxMatrixCols=\count93
\dotsspace@=\muskip10
\c@parentequation=\count94
\dspbrk@lvl=\count95
\tag@help=\toks15
\row@=\count96
\column@=\count97
\maxfields@=\count98
\andhelp@=\toks16
\eqnshift@=\dimen106
\alignsep@=\dimen107
\tagshift@=\dimen108
\tagwidth@=\dimen109
\totwidth@=\dimen110
\lineht@=\dimen111
\@envbody=\toks17
\multlinegap=\skip44
\multlinetaggap=\skip45
\mathdisplay@stack=\toks18
LaTeX Info: Redefining \[ on input line 2666.
LaTeX Info: Redefining \] on input line 2667.
)
(/usr/local/texlive/2012/texmf-dist/tex/latex/amsfonts/amsfonts.sty
Package: amsfonts 2009/06/22 v3.00 Basic AMSFonts support
\symAMSa=\mathgroup4
\symAMSb=\mathgroup5
LaTeX Font Info:    Overwriting math alphabet `\mathfrak' in version `bold'
(Font)                  U/euf/m/n --> U/euf/b/n on input line 96.
)
(/usr/local/texlive/2012/texmf-dist/tex/latex/amsfonts/amssymb.sty
Package: amssymb 2009/06/22 v3.00
)
(/usr/local/texlive/2012/texmf-dist/tex/latex/psnfss/courier.sty
Package: courier 2005/04/12 PSNFSS-v9.2a (WaS) 
)
(/usr/local/texlive/2012/texmf-dist/tex/latex/graphics/graphicx.sty
Package: graphicx 1999/02/16 v1.0f Enhanced LaTeX Graphics (DPC,SPQR)

(/usr/local/texlive/2012/texmf-dist/tex/latex/graphics/keyval.sty
Package: keyval 1999/03/16 v1.13 key=value parser (DPC)
\KV@toks@=\toks19
)
(/usr/local/texlive/2012/texmf-dist/tex/latex/graphics/graphics.sty
Package: graphics 2009/02/05 v1.0o Standard LaTeX Graphics (DPC,SPQR)

(/usr/local/texlive/2012/texmf-dist/tex/latex/graphics/trig.sty
Package: trig 1999/03/16 v1.09 sin cos tan (DPC)
)
(/usr/local/texlive/2012/texmf-dist/tex/latex/latexconfig/graphics.cfg
File: graphics.cfg 2010/04/23 v1.9 graphics configuration of TeX Live
)
Package graphics Info: Driver file: pdftex.def on input line 91.

(/usr/local/texlive/2012/texmf-dist/tex/latex/pdftex-def/pdftex.def
File: pdftex.def 2011/05/27 v0.06d Graphics/color for pdfTeX

(/usr/local/texlive/2012/texmf-dist/tex/generic/oberdiek/infwarerr.sty
Package: infwarerr 2010/04/08 v1.3 Providing info/warning/error messages (HO)
)
(/usr/local/texlive/2012/texmf-dist/tex/generic/oberdiek/ltxcmds.sty
Package: ltxcmds 2011/11/09 v1.22 LaTeX kernel commands for general use (HO)
)
\Gread@gobject=\count99
))
\Gin@req@height=\dimen112
\Gin@req@width=\dimen113
)
(/usr/local/texlive/2012/texmf-dist/tex/latex/subfig/subfig.sty
Package: subfig 2005/06/28 ver: 1.3 subfig package

(/usr/local/texlive/2012/texmf-dist/tex/latex/caption/caption.sty
Package: caption 2012/02/19 v3.2f Customizing captions (AR)

(/usr/local/texlive/2012/texmf-dist/tex/latex/caption/caption3.sty
Package: caption3 2012/01/12 v1.4b caption3 kernel (AR)
\captionmargin=\dimen114
\captionmargin@=\dimen115
\captionwidth=\dimen116
\caption@indent=\dimen117
\caption@parindent=\dimen118
\caption@hangindent=\dimen119
)
\c@ContinuedFloat=\count100
)
\c@KVtest=\count101
\sf@farskip=\skip46
\sf@captopadj=\dimen120
\sf@capskip=\skip47
\sf@nearskip=\skip48
\c@subfigure=\count102
\c@subfigure@save=\count103
\c@lofdepth=\count104
\c@subtable=\count105
\c@subtable@save=\count106
\c@lotdepth=\count107
\sf@top=\skip49
\sf@bottom=\skip50
)
(/usr/local/texlive/2012/texmf-dist/tex/latex/listings/listings.sty
\lst@mode=\count108
\lst@gtempboxa=\box28
\lst@token=\toks20
\lst@length=\count109
\lst@currlwidth=\dimen121
\lst@column=\count110
\lst@pos=\count111
\lst@lostspace=\dimen122
\lst@width=\dimen123
\lst@newlines=\count112
\lst@lineno=\count113
\lst@maxwidth=\dimen124

(/usr/local/texlive/2012/texmf-dist/tex/latex/listings/lstmisc.sty
File: lstmisc.sty 2007/02/22 1.4 (Carsten Heinz)
\c@lstnumber=\count114
\lst@skipnumbers=\count115
\lst@framebox=\box29
)
(/usr/local/texlive/2012/texmf-dist/tex/latex/listings/listings.cfg
File: listings.cfg 2007/02/22 1.4 listings configuration
))
Package: listings 2007/02/22 1.4 (Carsten Heinz)

(/usr/local/texlive/2012/texmf-dist/tex/latex/geometry/geometry.sty
Package: geometry 2010/09/12 v5.6 Page Geometry

(/usr/local/texlive/2012/texmf-dist/tex/generic/oberdiek/ifpdf.sty
Package: ifpdf 2011/01/30 v2.3 Provides the ifpdf switch (HO)
Package ifpdf Info: pdfTeX in PDF mode is detected.
)
(/usr/local/texlive/2012/texmf-dist/tex/generic/oberdiek/ifvtex.sty
Package: ifvtex 2010/03/01 v1.5 Detect VTeX and its facilities (HO)
Package ifvtex Info: VTeX not detected.
)
(/usr/local/texlive/2012/texmf-dist/tex/generic/ifxetex/ifxetex.sty
Package: ifxetex 2010/09/12 v0.6 Provides ifxetex conditional
)
\Gm@cnth=\count116
\Gm@cntv=\count117
\c@Gm@tempcnt=\count118
\Gm@bindingoffset=\dimen125
\Gm@wd@mp=\dimen126
\Gm@odd@mp=\dimen127
\Gm@even@mp=\dimen128
\Gm@layoutwidth=\dimen129
\Gm@layoutheight=\dimen130
\Gm@layouthoffset=\dimen131
\Gm@layoutvoffset=\dimen132
\Gm@dimlist=\toks21
)
(./DeepMind_Presentation.aux

LaTeX Warning: Label `einstein' multiply defined.

)
\openout1 = `DeepMind_Presentation.aux'.

LaTeX Font Info:    Checking defaults for OML/cmm/m/it on input line 12.
LaTeX Font Info:    ... okay on input line 12.
LaTeX Font Info:    Checking defaults for T1/cmr/m/n on input line 12.
LaTeX Font Info:    ... okay on input line 12.
LaTeX Font Info:    Checking defaults for OT1/cmr/m/n on input line 12.
LaTeX Font Info:    ... okay on input line 12.
LaTeX Font Info:    Checking defaults for OMS/cmsy/m/n on input line 12.
LaTeX Font Info:    ... okay on input line 12.
LaTeX Font Info:    Checking defaults for OMX/cmex/m/n on input line 12.
LaTeX Font Info:    ... okay on input line 12.
LaTeX Font Info:    Checking defaults for U/cmr/m/n on input line 12.
LaTeX Font Info:    ... okay on input line 12.
 (/usr/local/texlive/2012/texmf-dist/tex/context/base/supp-pdf.mkii
[Loading MPS to PDF converter (version 2006.09.02).]
\scratchcounter=\count119
\scratchdimen=\dimen133
\scratchbox=\box30
\nofMPsegments=\count120
\nofMParguments=\count121
\everyMPshowfont=\toks22
\MPscratchCnt=\count122
\MPscratchDim=\dimen134
\MPnumerator=\count123
\makeMPintoPDFobject=\count124
\everyMPtoPDFconversion=\toks23
) (/usr/local/texlive/2012/texmf-dist/tex/generic/oberdiek/pdftexcmds.sty
Package: pdftexcmds 2011/11/29 v0.20 Utility functions of pdfTeX for LuaTeX (HO
)

(/usr/local/texlive/2012/texmf-dist/tex/generic/oberdiek/ifluatex.sty
Package: ifluatex 2010/03/01 v1.3 Provides the ifluatex switch (HO)
Package ifluatex Info: LuaTeX not detected.
)
Package pdftexcmds Info: LuaTeX not detected.
Package pdftexcmds Info: \pdf@primitive is available.
Package pdftexcmds Info: \pdf@ifprimitive is available.
Package pdftexcmds Info: \pdfdraftmode found.
)
(/usr/local/texlive/2012/texmf-dist/tex/latex/oberdiek/epstopdf-base.sty
Package: epstopdf-base 2010/02/09 v2.5 Base part for package epstopdf

(/usr/local/texlive/2012/texmf-dist/tex/latex/oberdiek/grfext.sty
Package: grfext 2010/08/19 v1.1 Manage graphics extensions (HO)

(/usr/local/texlive/2012/texmf-dist/tex/generic/oberdiek/kvdefinekeys.sty
Package: kvdefinekeys 2011/04/07 v1.3 Define keys (HO)
))
(/usr/local/texlive/2012/texmf-dist/tex/latex/oberdiek/kvoptions.sty
Package: kvoptions 2011/06/30 v3.11 Key value format for package options (HO)

(/usr/local/texlive/2012/texmf-dist/tex/generic/oberdiek/kvsetkeys.sty
Package: kvsetkeys 2012/04/25 v1.16 Key value parser (HO)

(/usr/local/texlive/2012/texmf-dist/tex/generic/oberdiek/etexcmds.sty
Package: etexcmds 2011/02/16 v1.5 Avoid name clashes with e-TeX commands (HO)
Package etexcmds Info: Could not find \expanded.
(etexcmds)             That can mean that you are not using pdfTeX 1.50 or
(etexcmds)             that some package has redefined \expanded.
(etexcmds)             In the latter case, load this package earlier.
)))
Package grfext Info: Graphics extension search list:
(grfext)             [.png,.pdf,.jpg,.mps,.jpeg,.jbig2,.jb2,.PNG,.PDF,.JPG,.JPE
G,.JBIG2,.JB2,.eps]
(grfext)             \AppendGraphicsExtensions on input line 452.

(/usr/local/texlive/2012/texmf-dist/tex/latex/latexconfig/epstopdf-sys.cfg
File: epstopdf-sys.cfg 2010/07/13 v1.3 Configuration of (r)epstopdf for TeX Liv
e
))
Package caption Info: Begin \AtBeginDocument code.
Package caption Info: subfig package v1.3 is loaded.
Package caption Info: listings package is loaded.
Package caption Info: End \AtBeginDocument code.
\c@lstlisting=\count125

*geometry* driver: auto-detecting
*geometry* detected driver: pdftex
*geometry* verbose mode - [ preamble ] result:
* driver: pdftex
* paper: <default>
* layout: <same size as paper>
* layoutoffset:(h,v)=(0.0pt,0.0pt)
* modes: 
* h-part:(L,W,R)=(72.26999pt, 469.75502pt, 72.26999pt)
* v-part:(T,H,B)=(72.26999pt, 650.43001pt, 72.26999pt)
* \paperwidth=614.295pt
* \paperheight=794.96999pt
* \textwidth=469.75502pt
* \textheight=650.43001pt
* \oddsidemargin=0.0pt
* \evensidemargin=0.0pt
* \topmargin=-37.0pt
* \headheight=12.0pt
* \headsep=25.0pt
* \topskip=10.0pt
* \footskip=30.0pt
* \marginparwidth=65.0pt
* \marginparsep=11.0pt
* \columnsep=10.0pt
* \skip\footins=9.0pt plus 4.0pt minus 2.0pt
* \hoffset=0.0pt
* \voffset=0.0pt
* \mag=1000
* \@twocolumnfalse
* \@twosidefalse
* \@mparswitchfalse
* \@reversemarginfalse
* (1in=72.27pt=25.4mm, 1cm=28.453pt)

<cover.png, id=1, 324.21124pt x 355.3275pt>
File: cover.png Graphic file (type png)
 <use cover.png>
Package pdftex.def Info: cover.png used on input line 28.
(pdftex.def)             Requested size: 313.00041pt x 312.98735pt.
 [1

{/usr/local/texlive/2012/texmf-var/fonts/map/pdftex/updmap/pdftex.map} <./cover
.png>]
(./DeepMind_Presentation.toc
LaTeX Font Info:    Try loading font information for U+msa on input line 3.

(/usr/local/texlive/2012/texmf-dist/tex/latex/amsfonts/umsa.fd
File: umsa.fd 2009/06/22 v3.00 AMS symbols A
)
LaTeX Font Info:    Try loading font information for U+msb on input line 3.

(/usr/local/texlive/2012/texmf-dist/tex/latex/amsfonts/umsb.fd
File: umsb.fd 2009/06/22 v3.00 AMS symbols B
))
\tf@toc=\write3
\openout3 = `DeepMind_Presentation.toc'.

 [1]
<monte.png, id=13, 811.03pt x 271.0125pt>
File: monte.png Graphic file (type png)
 <use monte.png>
Package pdftex.def Info: monte.png used on input line 79.
(pdftex.def)             Requested size: 455.25035pt x 227.62825pt.
 [2]
<CCNW.png, id=24, 462.72874pt x 302.12875pt>
File: CCNW.png Graphic file (type png)
 <use CCNW.png>
Package pdftex.def Info: CCNW.png used on input line 94.
(pdftex.def)             Requested size: 170.71977pt x 113.80972pt.
 [3 <./monte.png> <./CCNW.png>] <map.png, id=29, 269.005pt x 99.37125pt>
File: map.png Graphic file (type png)
 <use map.png>
Package pdftex.def Info: map.png used on input line 104.
(pdftex.def)             Requested size: 227.62505pt x 85.36055pt.

<edge.png, id=30, 475.7775pt x 182.6825pt>
File: edge.png Graphic file (type png)
 <use edge.png>
Package pdftex.def Info: edge.png used on input line 112.
(pdftex.def)             Requested size: 455.26746pt x 170.72363pt.

<training.png, id=31, 1013.7875pt x 344.28625pt>
File: training.png Graphic file (type png)
 <use training.png>
Package pdftex.def Info: training.png used on input line 130.
(pdftex.def)             Requested size: 455.24109pt x 170.71378pt.


LaTeX Warning: `h' float specifier changed to `ht'.

[4 <./map.png> <./edge.png>] [5 <./training.png>]
<eval.png, id=38, 998.73125pt x 327.2225pt>
File: eval.png Graphic file (type png)
 <use eval.png>
Package pdftex.def Info: eval.png used on input line 173.
(pdftex.def)             Requested size: 455.24635pt x 170.71588pt.
 [6 <./eval.png>]
<tourn.png, id=43, 203.8014pt x 204.765pt>
File: tourn.png Graphic file (type png)
 <use tourn.png>
Package pdftex.def Info: tourn.png used on input line 187.
(pdftex.def)             Requested size: 341.4635pt x 284.54752pt.
 [7 <./tourn.png>]
[8]
Underfull \hbox (badness 2197) in paragraph at lines 212--215
[]\OT1/cmr/m/n/10 David Sil-ver et. al. \OT1/cmr/m/it/10 Mas-ter-ing the game o
f Go with deep neu-ral net-works and tree search\OT1/cmr/m/n/10 .
 []

Missing character: There is no Ð in font cmr10!
[9] (./DeepMind_Presentation.aux)

LaTeX Warning: There were multiply-defined labels.

 ) 
Here is how much of TeX's memory you used:
 5216 strings out of 493488
 77118 string characters out of 3141326
 143094 words of memory out of 3000000
 8450 multiletter control sequences out of 15000+200000
 10303 words of font info for 40 fonts, out of 3000000 for 9000
 957 hyphenation exceptions out of 8191
 44i,8n,42p,1214b,311s stack positions out of 5000i,500n,10000p,200000b,50000s
</usr/local/texlive/2012/texmf-dist/fonts/type1/public/amsfonts/cm/cmbx10.pfb
></usr/local/texlive/2012/texmf-dist/fonts/type1/public/amsfonts/cm/cmbx12.pfb>
</usr/local/texlive/2012/texmf-dist/fonts/type1/public/amsfonts/cm/cmex10.pfb><
/usr/local/texlive/2012/texmf-dist/fonts/type1/public/amsfonts/cm/cmmi10.pfb></
usr/local/texlive/2012/texmf-dist/fonts/type1/public/amsfonts/cm/cmmi7.pfb></us
r/local/texlive/2012/texmf-dist/fonts/type1/public/amsfonts/cm/cmr10.pfb></usr/
local/texlive/2012/texmf-dist/fonts/type1/public/amsfonts/cm/cmr6.pfb></usr/loc
al/texlive/2012/texmf-dist/fonts/type1/public/amsfonts/cm/cmr7.pfb></usr/local/
texlive/2012/texmf-dist/fonts/type1/public/amsfonts/cm/cmr8.pfb></usr/local/tex
live/2012/texmf-dist/fonts/type1/public/amsfonts/cm/cmsy10.pfb></usr/local/texl
ive/2012/texmf-dist/fonts/type1/public/amsfonts/cm/cmsy7.pfb></usr/local/texliv
e/2012/texmf-dist/fonts/type1/public/amsfonts/cm/cmti10.pfb>
Output written on DeepMind_Presentation.pdf (10 pages, 654576 bytes).
PDF statistics:
 95 PDF objects out of 1000 (max. 8388607)
 61 compressed objects within 1 object stream
 0 named destinations out of 1000 (max. 500000)
 41 words of extra memory for PDF output out of 10000 (max. 10000000)

